2017-02-15 09:50:05 Error: [Cake\Database\Exception] Cannot describe users. It has 0 columns.
Stack Trace:
#0 /Users/jameshuang1996/Desktop/github/CS183Team/CLEWebEdition/vendor/cakephp/cakephp/src/Database/Schema/CachedCollection.php(63): Cake\Database\Schema\Collection->describe('users', Array)
#1 /Users/jameshuang1996/Desktop/github/CS183Team/CLEWebEdition/vendor/cakephp/cakephp/src/ORM/Table.php(440): Cake\Database\Schema\CachedCollection->describe('users')
#2 /Users/jameshuang1996/Desktop/github/CS183Team/CLEWebEdition/vendor/cakephp/cakephp/src/ORM/Table.php(518): Cake\ORM\Table->schema()
#3 /Users/jameshuang1996/Desktop/github/CS183Team/CLEWebEdition/vendor/cakephp/bake/src/Shell/Task/ModelTask.php(210): Cake\ORM\Table->primaryKey()
#4 /Users/jameshuang1996/Desktop/github/CS183Team/CLEWebEdition/vendor/cakephp/bake/src/Shell/Task/ModelTask.php(127): Bake\Shell\Task\ModelTask->getAssociations(Object(Cake\ORM\Table))
#5 /Users/jameshuang1996/Desktop/github/CS183Team/CLEWebEdition/vendor/cakephp/bake/src/Shell/Task/ModelTask.php(110): Bake\Shell\Task\ModelTask->getTableContext(Object(Cake\ORM\Table), 'users', 'Users')
#6 /Users/jameshuang1996/Desktop/github/CS183Team/CLEWebEdition/vendor/cakephp/bake/src/Shell/Task/ModelTask.php(97): Bake\Shell\Task\ModelTask->bake('Users')
#7 /Users/jameshuang1996/Desktop/github/CS183Team/CLEWebEdition/vendor/cakephp/bake/src/Shell/BakeShell.php(257): Bake\Shell\Task\ModelTask->main('Users')
#8 /Users/jameshuang1996/Desktop/github/CS183Team/CLEWebEdition/vendor/cakephp/cakephp/src/Collection/CollectionTrait.php(52): Bake\Shell\BakeShell->Bake\Shell\{closure}('Users', 0)
#9 /Users/jameshuang1996/Desktop/github/CS183Team/CLEWebEdition/vendor/cakephp/bake/src/Shell/BakeShell.php(260): Cake\Collection\Collection->each(Object(Closure))
#10 [internal function]: Bake\Shell\BakeShell->all('users')
#11 /Users/jameshuang1996/Desktop/github/CS183Team/CLEWebEdition/vendor/cakephp/cakephp/src/Console/Shell.php(458): call_user_func_array(Array, Array)
#12 /Users/jameshuang1996/Desktop/github/CS183Team/CLEWebEdition/vendor/cakephp/cakephp/src/Console/ShellDispatcher.php(227): Cake\Console\Shell->runCommand(Array, true, Array)
#13 /Users/jameshuang1996/Desktop/github/CS183Team/CLEWebEdition/vendor/cakephp/cakephp/src/Console/ShellDispatcher.php(182): Cake\Console\ShellDispatcher->_dispatch(Array)
#14 /Users/jameshuang1996/Desktop/github/CS183Team/CLEWebEdition/vendor/cakephp/cakephp/src/Console/ShellDispatcher.php(128): Cake\Console\ShellDispatcher->dispatch(Array)
#15 /Users/jameshuang1996/Desktop/github/CS183Team/CLEWebEdition/bin/cake.php(34): Cake\Console\ShellDispatcher::run(Array)
#16 {main}


2017-02-15 10:13:52 Error: [Cake\Database\Exception] Cannot describe users. It has 0 columns.
Stack Trace:
#0 /Users/jameshuang1996/Desktop/github/CS183Team/CLEWebEdition/vendor/cakephp/cakephp/src/Database/Schema/CachedCollection.php(63): Cake\Database\Schema\Collection->describe('users', Array)
#1 /Users/jameshuang1996/Desktop/github/CS183Team/CLEWebEdition/vendor/cakephp/cakephp/src/ORM/Table.php(440): Cake\Database\Schema\CachedCollection->describe('users')
#2 /Users/jameshuang1996/Desktop/github/CS183Team/CLEWebEdition/vendor/cakephp/cakephp/src/ORM/Table.php(518): Cake\ORM\Table->schema()
#3 /Users/jameshuang1996/Desktop/github/CS183Team/CLEWebEdition/vendor/cakephp/bake/src/Shell/Task/ModelTask.php(210): Cake\ORM\Table->primaryKey()
#4 /Users/jameshuang1996/Desktop/github/CS183Team/CLEWebEdition/vendor/cakephp/bake/src/Shell/Task/ModelTask.php(127): Bake\Shell\Task\ModelTask->getAssociations(Object(Cake\ORM\Table))
#5 /Users/jameshuang1996/Desktop/github/CS183Team/CLEWebEdition/vendor/cakephp/bake/src/Shell/Task/ModelTask.php(110): Bake\Shell\Task\ModelTask->getTableContext(Object(Cake\ORM\Table), 'users', 'Users')
#6 /Users/jameshuang1996/Desktop/github/CS183Team/CLEWebEdition/vendor/cakephp/bake/src/Shell/Task/ModelTask.php(97): Bake\Shell\Task\ModelTask->bake('Users')
#7 /Users/jameshuang1996/Desktop/github/CS183Team/CLEWebEdition/vendor/cakephp/bake/src/Shell/BakeShell.php(257): Bake\Shell\Task\ModelTask->main('Users')
#8 /Users/jameshuang1996/Desktop/github/CS183Team/CLEWebEdition/vendor/cakephp/cakephp/src/Collection/CollectionTrait.php(52): Bake\Shell\BakeShell->Bake\Shell\{closure}('Users', 0)
#9 /Users/jameshuang1996/Desktop/github/CS183Team/CLEWebEdition/vendor/cakephp/bake/src/Shell/BakeShell.php(260): Cake\Collection\Collection->each(Object(Closure))
#10 [internal function]: Bake\Shell\BakeShell->all('users')
#11 /Users/jameshuang1996/Desktop/github/CS183Team/CLEWebEdition/vendor/cakephp/cakephp/src/Console/Shell.php(458): call_user_func_array(Array, Array)
#12 /Users/jameshuang1996/Desktop/github/CS183Team/CLEWebEdition/vendor/cakephp/cakephp/src/Console/ShellDispatcher.php(227): Cake\Console\Shell->runCommand(Array, true, Array)
#13 /Users/jameshuang1996/Desktop/github/CS183Team/CLEWebEdition/vendor/cakephp/cakephp/src/Console/ShellDispatcher.php(182): Cake\Console\ShellDispatcher->_dispatch(Array)
#14 /Users/jameshuang1996/Desktop/github/CS183Team/CLEWebEdition/vendor/cakephp/cakephp/src/Console/ShellDispatcher.php(128): Cake\Console\ShellDispatcher->dispatch(Array)
#15 /Users/jameshuang1996/Desktop/github/CS183Team/CLEWebEdition/bin/cake.php(34): Cake\Console\ShellDispatcher::run(Array)
#16 {main}


2017-02-15 10:15:06 Error: [Cake\Console\Exception\MissingShellException] Shell class for "All" could not be found.
Exception Attributes: array (
  'class' => 'All',
)
Stack Trace:
#0 /Users/jameshuang1996/Desktop/github/CS183Team/CLEWebEdition/vendor/cakephp/cakephp/src/Console/ShellDispatcher.php(223): Cake\Console\ShellDispatcher->findShell('All')
#1 /Users/jameshuang1996/Desktop/github/CS183Team/CLEWebEdition/vendor/cakephp/cakephp/src/Console/ShellDispatcher.php(182): Cake\Console\ShellDispatcher->_dispatch(Array)
#2 /Users/jameshuang1996/Desktop/github/CS183Team/CLEWebEdition/vendor/cakephp/cakephp/src/Console/ShellDispatcher.php(128): Cake\Console\ShellDispatcher->dispatch(Array)
#3 /Users/jameshuang1996/Desktop/github/CS183Team/CLEWebEdition/bin/cake.php(34): Cake\Console\ShellDispatcher::run(Array)
#4 {main}


